[INFO]	asctime:2018-02-12 12:34:47,633	module:views	message:debug	process:79326	thread:123145507926016
[DEBUG]	asctime:2018-02-12 12:34:47,634	module:views	message:debug	process:79326	thread:123145507926016
[DEBUG]	asctime:2018-02-12 12:34:47,634	module:views	message:<bound method ShotMakeSentence.makeSentence of <conv_lib.ShotMakeSentence.ShotMakeSentence object at 0x1105aac18>>	process:79326	thread:123145507926016
[INFO]	asctime:2018-02-12 12:39:34,787	module:util	message:<bound method ShotMakeSentence.makeSentence of <conv_lib.ShotMakeSentence.ShotMakeSentence object at 0x1067eac18>>	process:81051	thread:123145409548288
[INFO]	asctime:2018-02-12 12:41:47,763	module:util	message:{}	process:81798	thread:123145505611776
[INFO]	asctime:2018-02-12 12:43:43,974	module:util	message:{}	process:81798	thread:123145505611776
[INFO]	asctime:2018-02-12 12:44:29,095	module:util	message:{}	process:81798	thread:123145505611776
[INFO]	asctime:2018-02-12 12:45:53,765	module:util	message:{}	process:83175	thread:123145560866816
[INFO]	asctime:2018-02-12 12:45:53,765	module:util	message:{'sentence': '続いて希望の職種はなんですか', 'want_objs': {}, 'what_ask': 'JOB'}	process:83175	thread:123145560866816
[INFO]	asctime:2018-02-12 12:58:33,266	module:util	message:{}	process:83175	thread:123145560866816
[INFO]	asctime:2018-02-12 12:58:33,267	module:util	message:{'sentence': '続いて希望の職種はなんですか', 'want_objs': {}, 'what_ask': 'JOB'}	process:83175	thread:123145560866816
[INFO]	asctime:2018-02-13 01:00:22,852	module:util	message:{'LOC': {'val': '東京', 'if_true': '1'}}	process:42459	thread:123145462444032
[INFO]	asctime:2018-02-13 01:00:22,853	module:util	message:{'sentence': '', 'what_ask': ''}	process:42459	thread:123145462444032
[INFO]	asctime:2018-02-13 01:00:22,853	module:util	message:{'sentence': '', 'what_ask': ''}	process:42459	thread:123145462444032
[INFO]	asctime:2018-02-13 01:26:16,538	module:util	message:{'LOC': {'val': '東京', 'if_true': '1'}}	process:51598	thread:123145387958272
[INFO]	asctime:2018-02-13 01:26:16,539	module:util	message:{'sentence': '続いて希望の職種はなんですか', 'what_ask': 'JOB'}	process:51598	thread:123145387958272
[INFO]	asctime:2018-02-13 04:44:41,501	module:util	message:{'LOC': {'val': '東京', 'if_true': '1'}}	process:76898	thread:123145356525568
[INFO]	asctime:2018-02-13 04:44:41,501	module:util	message:{'sentence': '続いて希望の職種はなんですか', 'what_ask': 'JOB'}	process:76898	thread:123145356525568
[INFO]	asctime:2018-02-13 06:52:25,106	module:util	message:{'LOC': {'val': '東京', 'if_true': '1'}}	process:76898	thread:123145356525568
[INFO]	asctime:2018-02-13 06:52:25,107	module:util	message:{'sentence': '続いて希望の職種はなんですか', 'what_ask': 'JOB'}	process:76898	thread:123145356525568
[INFO]	asctime:2018-02-13 12:50:39,106	module:util	message:{'LOC': {'val': '東京', 'if_true': '1'}}	process:76898	thread:123145356525568
[INFO]	asctime:2018-02-13 12:50:39,111	module:util	message:{'sentence': '続いて希望の職種はなんですか', 'what_ask': 'JOB'}	process:76898	thread:123145356525568
[INFO]	asctime:2018-02-13 12:52:55,507	module:util	message:{'LOC': {'val': '東京', 'if_true': '1'}}	process:76898	thread:123145356525568
[INFO]	asctime:2018-02-13 12:52:55,507	module:util	message:{'sentence': '続いて希望の職種はなんですか', 'what_ask': 'JOB'}	process:76898	thread:123145356525568
[INFO]	asctime:2018-02-13 13:04:48,197	module:util	message:{'LOC': {'val': '東京', 'if_true': '1'}}	process:76898	thread:123145356525568
[INFO]	asctime:2018-02-13 13:04:48,197	module:util	message:{'sentence': '続いて希望の職種はなんですか', 'what_ask': 'JOB'}	process:76898	thread:123145356525568
[INFO]	asctime:2018-02-13 13:07:45,119	module:util	message:{'LOC': {'val': '東京', 'if_true': '1'}}	process:76898	thread:123145356525568
[INFO]	asctime:2018-02-13 13:07:45,120	module:util	message:{'sentence': '続いて希望の職種はなんですか', 'what_ask': 'JOB'}	process:76898	thread:123145356525568
[INFO]	asctime:2018-02-13 13:09:02,580	module:util	message:{'LOC': {'val': '東京', 'if_true': '1'}}	process:76898	thread:123145356525568
[INFO]	asctime:2018-02-13 13:09:02,581	module:util	message:{'sentence': '続いて希望の職種はなんですか', 'what_ask': 'JOB'}	process:76898	thread:123145356525568
[INFO]	asctime:2018-02-13 13:10:51,007	module:util	message:{'LOC': {'val': '東京', 'if_true': '1'}}	process:76898	thread:123145356525568
[INFO]	asctime:2018-02-13 13:10:51,007	module:util	message:{'sentence': '続いて希望の職種はなんですか', 'what_ask': 'JOB'}	process:76898	thread:123145356525568
[INFO]	asctime:2018-02-13 13:14:01,328	module:util	message:{'LOC': {'val': '東京', 'if_true': '1'}}	process:73605	thread:123145481904128
[INFO]	asctime:2018-02-13 13:14:01,329	module:util	message:{'sentence': '続いて希望の職種はなんですか', 'what_ask': 'JOB'}	process:73605	thread:123145481904128
[INFO]	asctime:2018-02-13 13:38:24,581	module:util	message:{'LOC': {'val': '東京', 'if_true': '1'}}	process:73605	thread:123145481904128
[INFO]	asctime:2018-02-13 13:38:24,581	module:util	message:{'sentence': '続いて希望の職種はなんですか', 'what_ask': 'JOB'}	process:73605	thread:123145481904128
[INFO]	asctime:2018-02-13 13:39:26,351	module:util	message:{'LOC': {'val': '東京', 'if_true': '1'}}	process:73605	thread:123145481904128
[INFO]	asctime:2018-02-13 13:39:26,351	module:util	message:{'sentence': '続いて希望の職種はなんですか', 'what_ask': 'JOB'}	process:73605	thread:123145481904128
[INFO]	asctime:2018-02-13 13:47:16,076	module:util	message:{'LOC': {'val': '東京', 'if_true': '1'}}	process:73605	thread:123145481904128
[INFO]	asctime:2018-02-13 13:47:16,077	module:util	message:{'sentence': '続いて希望の職種はなんですか', 'what_ask': 'JOB'}	process:73605	thread:123145481904128
[INFO]	asctime:2018-02-13 13:59:24,989	module:util	message:{'LOC': {'val': '東京', 'if_true': '1'}}	process:73605	thread:123145481904128
[INFO]	asctime:2018-02-13 13:59:24,989	module:util	message:{'sentence': '続いて希望の職種はなんですか', 'what_ask': 'JOB'}	process:73605	thread:123145481904128
[INFO]	asctime:2018-02-13 14:07:11,941	module:util	message:{'LOC': {'val': '神奈川県', 'if_true': '0'}}	process:73605	thread:123145481904128
[INFO]	asctime:2018-02-13 14:07:11,942	module:util	message:{'sentence': 'それは地名ですか？', 'what_ask': 'LOC'}	process:73605	thread:123145481904128
[INFO]	asctime:2018-02-13 15:28:34,693	module:util	message:{'LOC': {'val': '東京都', 'if_true': '1'}}	process:77240	thread:123145316868096
[INFO]	asctime:2018-02-13 15:28:34,694	module:util	message:{'sentence': '続いて希望の職種はなんですか', 'what_ask': 'JOB'}	process:77240	thread:123145316868096
[INFO]	asctime:2018-02-13 15:28:41,360	module:util	message:{'LOC': {'val': '神奈川県', 'if_true': '1'}}	process:77240	thread:123145316868096
[INFO]	asctime:2018-02-13 15:28:41,360	module:util	message:{'sentence': '続いて希望の職種はなんですか', 'what_ask': 'JOB'}	process:77240	thread:123145316868096
[INFO]	asctime:2018-02-14 03:38:14,650	module:util	message:{'LOC': {'val': '東京', 'if_true': '1'}}	process:77240	thread:123145316868096
[INFO]	asctime:2018-02-14 03:38:14,654	module:util	message:{'sentence': '続いて希望の職種はなんですか', 'what_ask': 'JOB'}	process:77240	thread:123145316868096
[INFO]	asctime:2018-02-14 13:08:23,319	module:util	message:hello, world!	process:30648	thread:123145568268288
[INFO]	asctime:2018-02-14 13:08:23,339	module:util	message:{'LOC': {'val': '東京', 'if_true': '1'}}	process:30648	thread:123145568268288
[INFO]	asctime:2018-02-14 13:08:23,340	module:util	message:{'sentence': '続いて希望の職種はなんですか', 'what_ask': 'JOB'}	process:30648	thread:123145568268288
[INFO]	asctime:2018-02-14 14:04:47,356	module:util	message:None	process:35235	thread:123145337212928
[INFO]	asctime:2018-02-14 14:07:22,898	module:util	message:None	process:35407	thread:123145443373056
[INFO]	asctime:2018-02-14 14:07:22,899	module:util	message:{'LOC': {'val': '東京', 'if_true': '1'}}	process:35407	thread:123145443373056
[INFO]	asctime:2018-02-14 14:07:22,900	module:util	message:{'sentence': '続いて希望の職種はなんですか', 'what_ask': 'JOB'}	process:35407	thread:123145443373056
[INFO]	asctime:2018-02-14 14:07:22,900	module:util	message:{"LOC": {"val": "東京", "if_true": "1"}, "what_ask": "JOB"}	process:35407	thread:123145443373056
[INFO]	asctime:2018-02-14 15:25:13,084	module:util	message:None	process:38626	thread:123145360060416
[INFO]	asctime:2018-02-14 15:27:22,502	module:util	message:None	process:38869	thread:123145502941184
[INFO]	asctime:2018-02-14 15:27:22,505	module:util	message:{'LOC': {'val': '東京', 'if_true': '1'}}	process:38869	thread:123145502941184
[INFO]	asctime:2018-02-14 15:27:22,505	module:util	message:{'sentence': '続いて希望の職種はなんですか', 'what_ask': 'JOB'}	process:38869	thread:123145502941184
[INFO]	asctime:2018-02-14 15:27:22,505	module:util	message:{"LOC": {"val": "東京", "if_true": "1"}, "what_ask": "JOB"}	process:38869	thread:123145502941184
[INFO]	asctime:2018-02-14 15:27:33,052	module:util	message:{"LOC": {"val": "東京", "if_true": "1"}, "what_ask": "JOB"}	process:38869	thread:123145502941184
[INFO]	asctime:2018-02-14 15:27:33,053	module:util	message:{'LOC': {'val': '東京', 'if_true': '1'}, 'what_ask': 'JOB'}	process:38869	thread:123145502941184
[INFO]	asctime:2018-02-14 15:27:33,054	module:util	message:{'sentence': '続いて希望の職種はなんですか', 'what_ask': 'JOB'}	process:38869	thread:123145502941184
[INFO]	asctime:2018-02-14 15:27:33,054	module:util	message:{"LOC": {"val": "東京", "if_true": "1"}, "what_ask": "JOB"}	process:38869	thread:123145502941184
[INFO]	asctime:2018-02-14 23:55:07,874	module:util	message:None	process:42815	thread:123145461911552
[INFO]	asctime:2018-02-14 23:55:07,877	module:util	message:{'LOC': {'val': '東京', 'if_true': '1'}}	process:42815	thread:123145461911552
[INFO]	asctime:2018-02-14 23:55:07,877	module:util	message:{'sentence': '続いて希望の職種はなんですか', 'what_ask': 'JOB'}	process:42815	thread:123145461911552
[INFO]	asctime:2018-02-14 23:55:07,877	module:util	message:{"LOC": {"val": "東京", "if_true": "1"}, "what_ask": "JOB"}	process:42815	thread:123145461911552
[INFO]	asctime:2018-02-15 09:00:54,521	module:util	message:None	process:43592	thread:123145397829632
[INFO]	asctime:2018-02-15 09:00:54,523	module:util	message:{'LOC': {'val': '東京', 'if_true': '1'}}	process:43592	thread:123145397829632
[INFO]	asctime:2018-02-15 09:00:54,523	module:util	message:{'sentence': '続いて希望の職種はなんですか', 'what_ask': 'JOB'}	process:43592	thread:123145397829632
[INFO]	asctime:2018-02-15 09:00:54,523	module:util	message:{"LOC": {"val": "東京", "if_true": "1"}, "what_ask": "JOB"}	process:43592	thread:123145397829632
[INFO]	asctime:2018-02-15 09:05:49,858	module:util	message:None	process:43592	thread:123145397829632
[INFO]	asctime:2018-02-15 09:05:49,860	module:util	message:{'LOC': {'val': '東京', 'if_true': '1'}}	process:43592	thread:123145397829632
[INFO]	asctime:2018-02-15 09:05:49,861	module:util	message:{'sentence': '続いて希望の職種はなんですか', 'what_ask': 'JOB'}	process:43592	thread:123145397829632
[INFO]	asctime:2018-02-15 09:05:49,861	module:util	message:{"LOC": {"val": "東京", "if_true": "1"}, "what_ask": "JOB"}	process:43592	thread:123145397829632
[INFO]	asctime:2018-02-15 09:06:30,839	module:util	message:None	process:43592	thread:123145397829632
[INFO]	asctime:2018-02-15 09:06:30,841	module:util	message:{'LOC': {'val': '東京', 'if_true': '1'}}	process:43592	thread:123145397829632
[INFO]	asctime:2018-02-15 09:06:30,841	module:util	message:{'sentence': '続いて希望の職種はなんですか', 'what_ask': 'JOB'}	process:43592	thread:123145397829632
[INFO]	asctime:2018-02-15 09:06:30,841	module:util	message:{"LOC": {"val": "東京", "if_true": "1"}, "what_ask": "JOB"}	process:43592	thread:123145397829632
[INFO]	asctime:2018-02-15 09:08:18,844	module:util	message:None	process:43592	thread:123145397829632
[INFO]	asctime:2018-02-15 09:08:18,854	module:util	message:{'LOC': {'val': '東京', 'if_true': '1'}}	process:43592	thread:123145397829632
[INFO]	asctime:2018-02-15 09:08:18,855	module:util	message:{'sentence': '続いて希望の職種はなんですか', 'what_ask': 'JOB'}	process:43592	thread:123145397829632
[INFO]	asctime:2018-02-15 09:08:18,855	module:util	message:{"LOC": {"val": "東京", "if_true": "1"}, "what_ask": "JOB"}	process:43592	thread:123145397829632
[INFO]	asctime:2018-02-15 09:10:43,021	module:util	message:None	process:43592	thread:123145397829632
[INFO]	asctime:2018-02-15 09:10:43,022	module:util	message:{'LOC': {'val': '東京', 'if_true': '1'}}	process:43592	thread:123145397829632
[INFO]	asctime:2018-02-15 09:10:43,022	module:util	message:{'sentence': '続いて希望の職種はなんですか', 'what_ask': 'JOB'}	process:43592	thread:123145397829632
[INFO]	asctime:2018-02-15 09:10:43,022	module:util	message:{"LOC": {"val": "東京", "if_true": "1"}, "what_ask": "JOB"}	process:43592	thread:123145397829632
[INFO]	asctime:2018-02-15 09:14:06,642	module:util	message:None	process:43592	thread:123145397829632
[INFO]	asctime:2018-02-15 09:14:06,644	module:util	message:{'LOC': {'val': '東京', 'if_true': '1'}}	process:43592	thread:123145397829632
[INFO]	asctime:2018-02-15 09:14:06,644	module:util	message:{'sentence': '続いて希望の職種はなんですか', 'what_ask': 'JOB'}	process:43592	thread:123145397829632
[INFO]	asctime:2018-02-15 09:14:06,644	module:util	message:{"LOC": {"val": "東京", "if_true": "1"}, "what_ask": "JOB"}	process:43592	thread:123145397829632
[INFO]	asctime:2018-02-15 10:01:08,930	module:util	message:None	process:48229	thread:123145579651072
[INFO]	asctime:2018-02-15 10:01:08,944	module:util	message:{'LOC': {'val': '東京', 'if_true': '1'}}	process:48229	thread:123145579651072
[INFO]	asctime:2018-02-15 10:01:08,944	module:util	message:{'sentence': '続いて希望の職種はなんですか', 'what_ask': 'JOB'}	process:48229	thread:123145579651072
[INFO]	asctime:2018-02-15 10:01:08,944	module:util	message:{"LOC": {"val": "東京", "if_true": "1"}, "what_ask": "JOB"}	process:48229	thread:123145579651072
[INFO]	asctime:2018-02-15 10:32:22,896	module:util	message:None	process:48229	thread:123145579651072
[INFO]	asctime:2018-02-15 10:32:22,910	module:util	message:{'LOC': {'val': '東京', 'if_true': '1'}}	process:48229	thread:123145579651072
[INFO]	asctime:2018-02-15 10:32:22,910	module:util	message:{'sentence': '続いて希望の職種はなんですか', 'what_ask': 'JOB'}	process:48229	thread:123145579651072
[INFO]	asctime:2018-02-15 10:32:22,911	module:util	message:{"LOC": {"val": "東京", "if_true": "1"}, "what_ask": "JOB"}	process:48229	thread:123145579651072
[INFO]	asctime:2018-02-15 10:35:54,983	module:util	message:None	process:48229	thread:123145579651072
[INFO]	asctime:2018-02-15 10:35:54,986	module:util	message:{'LOC': {'val': '東京', 'if_true': '1'}}	process:48229	thread:123145579651072
[INFO]	asctime:2018-02-15 10:35:54,986	module:util	message:{'sentence': '続いて希望の職種はなんですか', 'what_ask': 'JOB'}	process:48229	thread:123145579651072
[INFO]	asctime:2018-02-15 10:35:54,987	module:util	message:{"LOC": {"val": "東京", "if_true": "1"}, "what_ask": "JOB"}	process:48229	thread:123145579651072
[INFO]	asctime:2018-02-15 10:42:08,870	module:util	message:None	process:48229	thread:123145579651072
[INFO]	asctime:2018-02-15 10:42:08,872	module:util	message:{'LOC': {'val': '東京', 'if_true': '1'}}	process:48229	thread:123145579651072
[INFO]	asctime:2018-02-15 10:42:08,872	module:util	message:{'sentence': '続いて希望の職種はなんですか', 'what_ask': 'JOB'}	process:48229	thread:123145579651072
[INFO]	asctime:2018-02-15 10:42:08,872	module:util	message:{"LOC": {"val": "東京", "if_true": "1"}, "what_ask": "JOB"}	process:48229	thread:123145579651072
[INFO]	asctime:2018-02-15 10:51:02,645	module:util	message:None	process:48229	thread:123145579651072
[INFO]	asctime:2018-02-15 10:51:02,653	module:util	message:{'LOC': {'val': '東京', 'if_true': '1'}}	process:48229	thread:123145579651072
[INFO]	asctime:2018-02-15 10:51:02,654	module:util	message:{'sentence': '続いて希望の職種はなんですか', 'what_ask': 'JOB'}	process:48229	thread:123145579651072
[INFO]	asctime:2018-02-15 10:51:02,654	module:util	message:{"LOC": {"val": "東京", "if_true": "1"}, "what_ask": "JOB"}	process:48229	thread:123145579651072
[INFO]	asctime:2018-02-15 10:53:55,558	module:util	message:None	process:48229	thread:123145579651072
[INFO]	asctime:2018-02-15 10:53:55,563	module:util	message:{'LOC': {'val': '東京', 'if_true': '1'}}	process:48229	thread:123145579651072
[INFO]	asctime:2018-02-15 10:53:55,563	module:util	message:{'sentence': '続いて希望の職種はなんですか', 'what_ask': 'JOB'}	process:48229	thread:123145579651072
[INFO]	asctime:2018-02-15 10:53:55,564	module:util	message:{"LOC": {"val": "東京", "if_true": "1"}, "what_ask": "JOB"}	process:48229	thread:123145579651072
[INFO]	asctime:2018-02-15 10:53:59,566	module:util	message:{"LOC": {"val": "東京", "if_true": "1"}, "what_ask": "JOB"}	process:48229	thread:123145579651072
[INFO]	asctime:2018-02-15 10:53:59,581	module:util	message:{'LOC': {'val': '東京', 'if_true': '1'}, 'what_ask': 'JOB', 'JOB': {'val': 'コンビニ', 'if_true': '1'}}	process:48229	thread:123145579651072
[INFO]	asctime:2018-02-15 10:53:59,582	module:util	message:{'sentence': '給与はいくらぐらいを希望されていますか', 'what_ask': 'MONEY'}	process:48229	thread:123145579651072
[INFO]	asctime:2018-02-15 10:53:59,582	module:util	message:{"LOC": {"val": "東京", "if_true": "1"}, "what_ask": "MONEY", "JOB": {"val": "コンビニ", "if_true": "1"}}	process:48229	thread:123145579651072
[INFO]	asctime:2018-02-15 10:54:43,062	module:util	message:None	process:48229	thread:123145579651072
[INFO]	asctime:2018-02-15 10:54:43,068	module:util	message:{'JOB': {'val': 'コンビニ', 'if_true': '1'}}	process:48229	thread:123145579651072
[INFO]	asctime:2018-02-15 10:54:43,069	module:util	message:{'sentence': '給与はいくらぐらいを希望されていますか', 'what_ask': 'MONEY'}	process:48229	thread:123145579651072
[INFO]	asctime:2018-02-15 10:54:43,069	module:util	message:{"JOB": {"val": "コンビニ", "if_true": "1"}, "what_ask": "MONEY"}	process:48229	thread:123145579651072
[INFO]	asctime:2018-02-15 11:01:04,764	module:util	message:None	process:48229	thread:123145579651072
[INFO]	asctime:2018-02-15 11:01:04,766	module:util	message:{'LOC': {'val': '東京', 'if_true': '1'}}	process:48229	thread:123145579651072
[INFO]	asctime:2018-02-15 11:01:04,766	module:util	message:{'sentence': '続いて希望の職種はなんですか', 'what_ask': 'JOB'}	process:48229	thread:123145579651072
[INFO]	asctime:2018-02-15 11:01:04,766	module:util	message:{"LOC": {"val": "東京", "if_true": "1"}, "what_ask": "JOB"}	process:48229	thread:123145579651072
[INFO]	asctime:2018-02-15 11:01:09,259	module:util	message:{"LOC": {"val": "東京", "if_true": "1"}, "what_ask": "JOB"}	process:48229	thread:123145579651072
[INFO]	asctime:2018-02-15 11:01:09,261	module:util	message:{'LOC': {'val': '東京', 'if_true': '1'}, 'what_ask': 'JOB', 'JOB': {'val': 'コンビニ', 'if_true': '1'}}	process:48229	thread:123145579651072
[INFO]	asctime:2018-02-15 11:01:09,261	module:util	message:{'sentence': '給与はいくらぐらいを希望されていますか', 'what_ask': 'MONEY'}	process:48229	thread:123145579651072
[INFO]	asctime:2018-02-15 11:01:09,261	module:util	message:{"LOC": {"val": "東京", "if_true": "1"}, "what_ask": "MONEY", "JOB": {"val": "コンビニ", "if_true": "1"}}	process:48229	thread:123145579651072
[INFO]	asctime:2018-02-15 11:01:22,981	module:util	message:{"LOC": {"val": "東京", "if_true": "1"}, "what_ask": "MONEY", "JOB": {"val": "コンビニ", "if_true": "1"}}	process:48229	thread:123145579651072
[INFO]	asctime:2018-02-15 11:01:22,983	module:util	message:{'LOC': {'val': '東京', 'if_true': '1'}, 'what_ask': 'MONEY', 'JOB': {'val': 'コンビニ', 'if_true': '1'}}	process:48229	thread:123145579651072
[INFO]	asctime:2018-02-15 11:01:22,983	module:util	message:{'sentence': '続いて希望の職種はなんですか', 'what_ask': 'JOB'}	process:48229	thread:123145579651072
[INFO]	asctime:2018-02-15 11:01:22,983	module:util	message:{"LOC": {"val": "東京", "if_true": "1"}, "what_ask": "JOB", "JOB": {"val": "コンビニ", "if_true": "1"}}	process:48229	thread:123145579651072
[INFO]	asctime:2018-02-15 11:01:26,263	module:util	message:{"LOC": {"val": "東京", "if_true": "1"}, "what_ask": "JOB", "JOB": {"val": "コンビニ", "if_true": "1"}}	process:48229	thread:123145579651072
[INFO]	asctime:2018-02-15 11:01:26,266	module:util	message:{'LOC': {'val': '東京', 'if_true': '1'}, 'what_ask': 'JOB', 'JOB': {'val': 'コンビニ', 'if_true': '1'}}	process:48229	thread:123145579651072
[INFO]	asctime:2018-02-15 11:01:26,266	module:util	message:{'sentence': '給与はいくらぐらいを希望されていますか', 'what_ask': 'MONEY'}	process:48229	thread:123145579651072
[INFO]	asctime:2018-02-15 11:01:26,266	module:util	message:{"LOC": {"val": "東京", "if_true": "1"}, "what_ask": "MONEY", "JOB": {"val": "コンビニ", "if_true": "1"}}	process:48229	thread:123145579651072
[INFO]	asctime:2018-02-15 11:03:24,616	module:util	message:{"LOC": {"val": "東京", "if_true": "1"}, "what_ask": "MONEY", "JOB": {"val": "コンビニ", "if_true": "1"}}	process:48229	thread:123145579651072
[INFO]	asctime:2018-02-15 11:03:24,619	module:util	message:{'LOC': {'val': '東京', 'if_true': '1'}, 'what_ask': 'MONEY', 'JOB': {'val': 'コンビニ', 'if_true': '1'}}	process:48229	thread:123145579651072
[INFO]	asctime:2018-02-15 11:03:24,619	module:util	message:{'sentence': '続いて希望の職種はなんですか', 'what_ask': 'JOB'}	process:48229	thread:123145579651072
[INFO]	asctime:2018-02-15 11:03:24,619	module:util	message:{"LOC": {"val": "東京", "if_true": "1"}, "what_ask": "JOB", "JOB": {"val": "コンビニ", "if_true": "1"}}	process:48229	thread:123145579651072
[INFO]	asctime:2018-02-15 11:03:27,294	module:util	message:{"LOC": {"val": "東京", "if_true": "1"}, "what_ask": "JOB", "JOB": {"val": "コンビニ", "if_true": "1"}}	process:48229	thread:123145579651072
[INFO]	asctime:2018-02-15 11:03:27,295	module:util	message:{'LOC': {'val': '東京', 'if_true': '1'}, 'what_ask': 'JOB', 'JOB': {'val': 'コンビニ', 'if_true': '1'}}	process:48229	thread:123145579651072
[INFO]	asctime:2018-02-15 11:03:27,295	module:util	message:{'sentence': '給与はいくらぐらいを希望されていますか', 'what_ask': 'MONEY'}	process:48229	thread:123145579651072
[INFO]	asctime:2018-02-15 11:03:27,295	module:util	message:{"LOC": {"val": "東京", "if_true": "1"}, "what_ask": "MONEY", "JOB": {"val": "コンビニ", "if_true": "1"}}	process:48229	thread:123145579651072
[INFO]	asctime:2018-02-15 11:12:42,422	module:util	message:None	process:48229	thread:123145579651072
[INFO]	asctime:2018-02-15 11:12:42,423	module:util	message:{'LOC': {'val': '東京', 'if_true': '1'}}	process:48229	thread:123145579651072
[INFO]	asctime:2018-02-15 11:12:42,424	module:util	message:{'sentence': '続いて希望の職種はなんですか', 'what_ask': 'JOB'}	process:48229	thread:123145579651072
[INFO]	asctime:2018-02-15 11:12:42,424	module:util	message:{"LOC": {"val": "東京", "if_true": "1"}, "what_ask": "JOB"}	process:48229	thread:123145579651072
[INFO]	asctime:2018-02-15 11:16:29,129	module:util	message:None	process:48229	thread:123145579651072
[INFO]	asctime:2018-02-15 11:16:29,135	module:util	message:{'LOC': {'val': '東京', 'if_true': '1'}}	process:48229	thread:123145579651072
[INFO]	asctime:2018-02-15 11:16:29,136	module:util	message:{'sentence': '続いて希望の職種はなんですか', 'what_ask': 'JOB'}	process:48229	thread:123145579651072
[INFO]	asctime:2018-02-15 11:16:29,136	module:util	message:{"LOC": {"val": "東京", "if_true": "1"}, "what_ask": "JOB"}	process:48229	thread:123145579651072
[INFO]	asctime:2018-02-15 11:16:33,073	module:util	message:{"LOC": {"val": "東京", "if_true": "1"}, "what_ask": "JOB"}	process:48229	thread:123145579651072
[INFO]	asctime:2018-02-15 11:16:33,074	module:util	message:{'LOC': {'val': '東京', 'if_true': '1'}, 'what_ask': 'JOB', 'JOB': {'val': 'コンビニ', 'if_true': '1'}}	process:48229	thread:123145579651072
[INFO]	asctime:2018-02-15 11:16:33,074	module:util	message:{'sentence': '給与はいくらぐらいを希望されていますか', 'what_ask': 'MONEY'}	process:48229	thread:123145579651072
[INFO]	asctime:2018-02-15 11:16:33,074	module:util	message:{"LOC": {"val": "東京", "if_true": "1"}, "what_ask": "MONEY", "JOB": {"val": "コンビニ", "if_true": "1"}}	process:48229	thread:123145579651072
[INFO]	asctime:2018-02-15 11:25:07,974	module:util	message:None	process:48229	thread:123145579651072
[INFO]	asctime:2018-02-15 11:25:07,976	module:util	message:{'LOC': {'val': '東京', 'if_true': '1'}}	process:48229	thread:123145579651072
[INFO]	asctime:2018-02-15 11:25:07,976	module:util	message:{'sentence': '続いて希望の職種はなんですか', 'what_ask': 'JOB'}	process:48229	thread:123145579651072
[INFO]	asctime:2018-02-15 11:25:07,977	module:util	message:{"LOC": {"val": "東京", "if_true": "1"}, "what_ask": "JOB"}	process:48229	thread:123145579651072
[INFO]	asctime:2018-02-15 11:25:14,235	module:util	message:{"LOC": {"val": "東京", "if_true": "1"}, "what_ask": "JOB"}	process:48229	thread:123145579651072
[INFO]	asctime:2018-02-15 11:25:14,238	module:util	message:{'LOC': {'val': '東京', 'if_true': '1'}, 'what_ask': 'JOB', 'JOB': {'val': 'コンビニ', 'if_true': '1'}}	process:48229	thread:123145579651072
[INFO]	asctime:2018-02-15 11:25:14,238	module:util	message:{'sentence': '給与はいくらぐらいを希望されていますか', 'what_ask': 'MONEY'}	process:48229	thread:123145579651072
[INFO]	asctime:2018-02-15 11:25:14,238	module:util	message:{"LOC": {"val": "東京", "if_true": "1"}, "what_ask": "MONEY", "JOB": {"val": "コンビニ", "if_true": "1"}}	process:48229	thread:123145579651072
[INFO]	asctime:2018-02-15 11:25:36,992	module:util	message:{"LOC": {"val": "東京", "if_true": "1"}, "what_ask": "MONEY", "JOB": {"val": "コンビニ", "if_true": "1"}}	process:48229	thread:123145579651072
[INFO]	asctime:2018-02-15 11:25:36,994	module:util	message:{'LOC': {'val': '東京', 'if_true': '1'}, 'what_ask': 'MONEY', 'JOB': {'val': 'コンビニ', 'if_true': '1'}}	process:48229	thread:123145579651072
[INFO]	asctime:2018-02-15 11:25:36,994	module:util	message:{'sentence': '続いて希望の職種はなんですか', 'what_ask': 'JOB'}	process:48229	thread:123145579651072
[INFO]	asctime:2018-02-15 11:25:36,994	module:util	message:{"LOC": {"val": "東京", "if_true": "1"}, "what_ask": "JOB", "JOB": {"val": "コンビニ", "if_true": "1"}}	process:48229	thread:123145579651072
[INFO]	asctime:2018-02-15 11:25:44,471	module:util	message:{"LOC": {"val": "東京", "if_true": "1"}, "what_ask": "JOB", "JOB": {"val": "コンビニ", "if_true": "1"}}	process:48229	thread:123145579651072
[INFO]	asctime:2018-02-15 11:25:44,472	module:util	message:{'LOC': {'val': '東京', 'if_true': '1'}, 'what_ask': 'JOB', 'JOB': {'val': 'コンビニ', 'if_true': '1'}}	process:48229	thread:123145579651072
[INFO]	asctime:2018-02-15 11:25:44,472	module:util	message:{'sentence': '給与はいくらぐらいを希望されていますか', 'what_ask': 'MONEY'}	process:48229	thread:123145579651072
[INFO]	asctime:2018-02-15 11:25:44,472	module:util	message:{"LOC": {"val": "東京", "if_true": "1"}, "what_ask": "MONEY", "JOB": {"val": "コンビニ", "if_true": "1"}}	process:48229	thread:123145579651072
[INFO]	asctime:2018-02-15 11:26:43,795	module:util	message:{"LOC": {"val": "東京", "if_true": "1"}, "what_ask": "MONEY", "JOB": {"val": "コンビニ", "if_true": "1"}}	process:48229	thread:123145579651072
[INFO]	asctime:2018-02-15 11:26:43,796	module:util	message:{'LOC': {'val': '東京', 'if_true': '1'}, 'what_ask': 'MONEY', 'JOB': {'val': 'コンビニ', 'if_true': '1'}}	process:48229	thread:123145579651072
[INFO]	asctime:2018-02-15 11:26:43,796	module:util	message:{'sentence': '続いて希望の職種はなんですか', 'what_ask': 'JOB'}	process:48229	thread:123145579651072
[INFO]	asctime:2018-02-15 11:26:43,797	module:util	message:{"LOC": {"val": "東京", "if_true": "1"}, "what_ask": "JOB", "JOB": {"val": "コンビニ", "if_true": "1"}}	process:48229	thread:123145579651072
[INFO]	asctime:2018-02-15 11:26:47,653	module:util	message:{"LOC": {"val": "東京", "if_true": "1"}, "what_ask": "JOB", "JOB": {"val": "コンビニ", "if_true": "1"}}	process:48229	thread:123145579651072
[INFO]	asctime:2018-02-15 11:26:47,654	module:util	message:{'LOC': {'val': '東京', 'if_true': '1'}, 'what_ask': 'JOB', 'JOB': {'val': 'コンビニ', 'if_true': '1'}}	process:48229	thread:123145579651072
[INFO]	asctime:2018-02-15 11:26:47,654	module:util	message:{'sentence': '給与はいくらぐらいを希望されていますか', 'what_ask': 'MONEY'}	process:48229	thread:123145579651072
[INFO]	asctime:2018-02-15 11:26:47,655	module:util	message:{"LOC": {"val": "東京", "if_true": "1"}, "what_ask": "MONEY", "JOB": {"val": "コンビニ", "if_true": "1"}}	process:48229	thread:123145579651072
[INFO]	asctime:2018-02-15 11:27:22,576	module:util	message:{"LOC": {"val": "東京", "if_true": "1"}, "what_ask": "MONEY", "JOB": {"val": "コンビニ", "if_true": "1"}}	process:48229	thread:123145579651072
[INFO]	asctime:2018-02-15 11:27:22,577	module:util	message:{'LOC': {'val': '東京', 'if_true': '1'}, 'what_ask': 'MONEY', 'JOB': {'val': 'コンビニ', 'if_true': '1'}}	process:48229	thread:123145579651072
[INFO]	asctime:2018-02-15 11:27:22,578	module:util	message:{'sentence': '続いて希望の職種はなんですか', 'what_ask': 'JOB'}	process:48229	thread:123145579651072
[INFO]	asctime:2018-02-15 11:27:22,578	module:util	message:{"LOC": {"val": "東京", "if_true": "1"}, "what_ask": "JOB", "JOB": {"val": "コンビニ", "if_true": "1"}}	process:48229	thread:123145579651072
[INFO]	asctime:2018-02-15 11:27:24,575	module:util	message:{"LOC": {"val": "東京", "if_true": "1"}, "what_ask": "JOB", "JOB": {"val": "コンビニ", "if_true": "1"}}	process:48229	thread:123145579651072
[INFO]	asctime:2018-02-15 11:27:24,576	module:util	message:{'LOC': {'val': '東京', 'if_true': '1'}, 'what_ask': 'JOB', 'JOB': {'val': 'コンビニ', 'if_true': '1'}}	process:48229	thread:123145579651072
[INFO]	asctime:2018-02-15 11:27:24,576	module:util	message:{'sentence': '給与はいくらぐらいを希望されていますか', 'what_ask': 'MONEY'}	process:48229	thread:123145579651072
[INFO]	asctime:2018-02-15 11:27:24,576	module:util	message:{"LOC": {"val": "東京", "if_true": "1"}, "what_ask": "MONEY", "JOB": {"val": "コンビニ", "if_true": "1"}}	process:48229	thread:123145579651072
[INFO]	asctime:2018-02-15 11:45:10,903	module:util	message:None	process:48229	thread:123145579651072
[INFO]	asctime:2018-02-15 11:45:10,910	module:util	message:{'LOC': {'val': '東京', 'if_true': '1'}}	process:48229	thread:123145579651072
[INFO]	asctime:2018-02-15 11:45:10,911	module:util	message:{'sentence': '続いて希望の職種はなんですか', 'what_ask': 'JOB'}	process:48229	thread:123145579651072
[INFO]	asctime:2018-02-15 11:45:10,911	module:util	message:{"LOC": {"val": "東京", "if_true": "1"}, "what_ask": "JOB"}	process:48229	thread:123145579651072
[INFO]	asctime:2018-02-15 11:45:14,351	module:util	message:{"LOC": {"val": "東京", "if_true": "1"}, "what_ask": "JOB"}	process:48229	thread:123145579651072
[INFO]	asctime:2018-02-15 11:45:14,353	module:util	message:{'LOC': {'val': '東京', 'if_true': '1'}, 'what_ask': 'JOB', 'JOB': {'val': 'コンビニ', 'if_true': '1'}}	process:48229	thread:123145579651072
[INFO]	asctime:2018-02-15 11:45:14,354	module:util	message:{'sentence': '給与はいくらぐらいを希望されていますか', 'what_ask': 'MONEY'}	process:48229	thread:123145579651072
[INFO]	asctime:2018-02-15 11:45:14,354	module:util	message:{"LOC": {"val": "東京", "if_true": "1"}, "what_ask": "MONEY", "JOB": {"val": "コンビニ", "if_true": "1"}}	process:48229	thread:123145579651072
[INFO]	asctime:2018-02-15 11:52:00,362	module:util	message:None	process:48229	thread:123145579651072
[INFO]	asctime:2018-02-15 11:52:00,366	module:util	message:{'LOC': {'val': '東京', 'if_true': '1'}}	process:48229	thread:123145579651072
[INFO]	asctime:2018-02-15 11:52:00,366	module:util	message:{'sentence': '続いて希望の職種はなんですか', 'what_ask': 'JOB'}	process:48229	thread:123145579651072
[INFO]	asctime:2018-02-15 11:52:00,366	module:util	message:{"LOC": {"val": "東京", "if_true": "1"}, "what_ask": "JOB"}	process:48229	thread:123145579651072
[INFO]	asctime:2018-02-15 11:52:05,205	module:util	message:{"LOC": {"val": "東京", "if_true": "1"}, "what_ask": "JOB"}	process:48229	thread:123145579651072
[INFO]	asctime:2018-02-15 11:52:05,207	module:util	message:{'LOC': {'val': '東京', 'if_true': '1'}, 'what_ask': 'JOB', 'JOB': {'val': 'コンビニ', 'if_true': '1'}}	process:48229	thread:123145579651072
[INFO]	asctime:2018-02-15 11:52:05,207	module:util	message:{'sentence': '給与はいくらぐらいを希望されていますか', 'what_ask': 'MONEY'}	process:48229	thread:123145579651072
[INFO]	asctime:2018-02-15 11:52:05,208	module:util	message:{"LOC": {"val": "東京", "if_true": "1"}, "what_ask": "MONEY", "JOB": {"val": "コンビニ", "if_true": "1"}}	process:48229	thread:123145579651072
[INFO]	asctime:2018-02-15 11:53:58,458	module:util	message:{"LOC": {"val": "東京", "if_true": "1"}, "what_ask": "MONEY", "JOB": {"val": "コンビニ", "if_true": "1"}}	process:48229	thread:123145579651072
[INFO]	asctime:2018-02-15 11:53:58,462	module:util	message:{'LOC': {'val': '東京', 'if_true': '1'}, 'what_ask': 'MONEY', 'JOB': {'val': 'コンビニ', 'if_true': '1'}}	process:48229	thread:123145579651072
[INFO]	asctime:2018-02-15 11:53:58,462	module:util	message:{'sentence': '続いて希望の職種はなんですか', 'what_ask': 'JOB'}	process:48229	thread:123145579651072
[INFO]	asctime:2018-02-15 11:53:58,462	module:util	message:{"LOC": {"val": "東京", "if_true": "1"}, "what_ask": "JOB", "JOB": {"val": "コンビニ", "if_true": "1"}}	process:48229	thread:123145579651072
[INFO]	asctime:2018-02-15 11:56:16,192	module:util	message:None	process:48229	thread:123145579651072
[INFO]	asctime:2018-02-15 11:56:16,196	module:util	message:{'LOC': {'val': '東京', 'if_true': '1'}}	process:48229	thread:123145579651072
[INFO]	asctime:2018-02-15 11:56:16,198	module:util	message:{'sentence': '続いて希望の職種はなんですか', 'what_ask': 'JOB'}	process:48229	thread:123145579651072
[INFO]	asctime:2018-02-15 11:56:16,198	module:util	message:{"LOC": {"val": "東京", "if_true": "1"}, "what_ask": "JOB"}	process:48229	thread:123145579651072
[INFO]	asctime:2018-02-15 11:56:18,957	module:util	message:{"LOC": {"val": "東京", "if_true": "1"}, "what_ask": "JOB"}	process:48229	thread:123145579651072
[INFO]	asctime:2018-02-15 11:56:18,958	module:util	message:{'LOC': {'val': '東京', 'if_true': '1'}, 'what_ask': 'JOB', 'JOB': {'val': 'コンビニ', 'if_true': '1'}}	process:48229	thread:123145579651072
[INFO]	asctime:2018-02-15 11:56:18,958	module:util	message:{'sentence': '給与はいくらぐらいを希望されていますか', 'what_ask': 'MONEY'}	process:48229	thread:123145579651072
[INFO]	asctime:2018-02-15 11:56:18,958	module:util	message:{"LOC": {"val": "東京", "if_true": "1"}, "what_ask": "MONEY", "JOB": {"val": "コンビニ", "if_true": "1"}}	process:48229	thread:123145579651072
[INFO]	asctime:2018-02-15 21:17:40,618	module:util	message:None	process:48229	thread:123145579651072
[INFO]	asctime:2018-02-15 21:17:40,640	module:util	message:{'LOC': {'val': '東京', 'if_true': '1'}}	process:48229	thread:123145579651072
[INFO]	asctime:2018-02-15 21:17:40,641	module:util	message:{'sentence': '続いて希望の職種はなんですか', 'what_ask': 'JOB'}	process:48229	thread:123145579651072
[INFO]	asctime:2018-02-15 21:17:40,642	module:util	message:{"LOC": {"val": "東京", "if_true": "1"}, "what_ask": "JOB"}	process:48229	thread:123145579651072
[INFO]	asctime:2018-02-15 21:17:48,635	module:util	message:{"LOC": {"val": "東京", "if_true": "1"}, "what_ask": "JOB"}	process:48229	thread:123145579651072
[INFO]	asctime:2018-02-15 21:17:48,637	module:util	message:{'LOC': {'val': '東京', 'if_true': '1'}, 'what_ask': 'JOB', 'JOB': {'val': 'コンビニ', 'if_true': '1'}}	process:48229	thread:123145579651072
[INFO]	asctime:2018-02-15 21:17:48,638	module:util	message:{'sentence': '給与はいくらぐらいを希望されていますか', 'what_ask': 'MONEY'}	process:48229	thread:123145579651072
[INFO]	asctime:2018-02-15 21:17:48,639	module:util	message:{"LOC": {"val": "東京", "if_true": "1"}, "what_ask": "MONEY", "JOB": {"val": "コンビニ", "if_true": "1"}}	process:48229	thread:123145579651072
[INFO]	asctime:2018-02-16 11:22:18,067	module:util	message:None	process:48229	thread:123145579651072
[INFO]	asctime:2018-02-16 11:22:18,140	module:util	message:{'LOC': {'val': '東京', 'if_true': '1'}}	process:48229	thread:123145579651072
[INFO]	asctime:2018-02-16 11:22:18,140	module:util	message:{'sentence': '続いて希望の職種はなんですか', 'what_ask': 'JOB'}	process:48229	thread:123145579651072
[INFO]	asctime:2018-02-16 11:22:18,142	module:util	message:{"LOC": {"val": "東京", "if_true": "1"}, "what_ask": "JOB"}	process:48229	thread:123145579651072
[INFO]	asctime:2018-02-16 11:22:29,782	module:util	message:{"LOC": {"val": "東京", "if_true": "1"}, "what_ask": "JOB"}	process:48229	thread:123145579651072
[INFO]	asctime:2018-02-16 11:22:29,788	module:util	message:{'LOC': {'val': '東京', 'if_true': '1'}, 'what_ask': 'JOB', 'JOB': {'val': 'コンビニ', 'if_true': '1'}}	process:48229	thread:123145579651072
[INFO]	asctime:2018-02-16 11:22:29,789	module:util	message:{'sentence': '給与はいくらぐらいを希望されていますか', 'what_ask': 'MONEY'}	process:48229	thread:123145579651072
[INFO]	asctime:2018-02-16 11:22:29,789	module:util	message:{"LOC": {"val": "東京", "if_true": "1"}, "what_ask": "MONEY", "JOB": {"val": "コンビニ", "if_true": "1"}}	process:48229	thread:123145579651072
[INFO]	asctime:2018-02-16 11:23:50,615	module:util	message:{"LOC": {"val": "東京", "if_true": "1"}, "what_ask": "MONEY", "JOB": {"val": "コンビニ", "if_true": "1"}}	process:48229	thread:123145579651072
[INFO]	asctime:2018-02-16 11:23:50,622	module:util	message:{'LOC': {'val': '東京', 'if_true': '1'}, 'what_ask': 'MONEY', 'JOB': {'val': 'コンビニ', 'if_true': '1'}}	process:48229	thread:123145579651072
[INFO]	asctime:2018-02-16 11:23:50,623	module:util	message:{'sentence': '続いて希望の職種はなんですか', 'what_ask': 'JOB'}	process:48229	thread:123145579651072
[INFO]	asctime:2018-02-16 11:23:50,623	module:util	message:{"LOC": {"val": "東京", "if_true": "1"}, "what_ask": "JOB", "JOB": {"val": "コンビニ", "if_true": "1"}}	process:48229	thread:123145579651072
[INFO]	asctime:2018-02-16 11:24:02,447	module:util	message:{"LOC": {"val": "東京", "if_true": "1"}, "what_ask": "JOB", "JOB": {"val": "コンビニ", "if_true": "1"}}	process:48229	thread:123145579651072
[INFO]	asctime:2018-02-16 11:24:02,451	module:util	message:{'LOC': {'val': '東京', 'if_true': '1'}, 'what_ask': 'JOB', 'JOB': {'val': 'コンビニ', 'if_true': '1'}}	process:48229	thread:123145579651072
[INFO]	asctime:2018-02-16 11:24:02,451	module:util	message:{'sentence': '給与はいくらぐらいを希望されていますか', 'what_ask': 'MONEY'}	process:48229	thread:123145579651072
[INFO]	asctime:2018-02-16 11:24:02,452	module:util	message:{"LOC": {"val": "東京", "if_true": "1"}, "what_ask": "MONEY", "JOB": {"val": "コンビニ", "if_true": "1"}}	process:48229	thread:123145579651072
[INFO]	asctime:2018-02-16 11:25:34,384	module:util	message:{"LOC": {"val": "東京", "if_true": "1"}, "what_ask": "MONEY", "JOB": {"val": "コンビニ", "if_true": "1"}}	process:48229	thread:123145579651072
[INFO]	asctime:2018-02-16 11:25:34,387	module:util	message:{'LOC': {'val': '東京', 'if_true': '1'}, 'what_ask': 'MONEY', 'JOB': {'val': 'コンビニ', 'if_true': '1'}}	process:48229	thread:123145579651072
[INFO]	asctime:2018-02-16 11:25:34,387	module:util	message:{'sentence': '続いて希望の職種はなんですか', 'what_ask': 'JOB'}	process:48229	thread:123145579651072
[INFO]	asctime:2018-02-16 11:25:34,387	module:util	message:{"LOC": {"val": "東京", "if_true": "1"}, "what_ask": "JOB", "JOB": {"val": "コンビニ", "if_true": "1"}}	process:48229	thread:123145579651072
[INFO]	asctime:2018-02-16 11:25:38,628	module:util	message:{"LOC": {"val": "東京", "if_true": "1"}, "what_ask": "JOB", "JOB": {"val": "コンビニ", "if_true": "1"}}	process:48229	thread:123145579651072
[INFO]	asctime:2018-02-16 11:25:38,630	module:util	message:{'LOC': {'val': '東京', 'if_true': '1'}, 'what_ask': 'JOB', 'JOB': {'val': 'コンビニ', 'if_true': '1'}}	process:48229	thread:123145579651072
[INFO]	asctime:2018-02-16 11:25:38,630	module:util	message:{'sentence': '給与はいくらぐらいを希望されていますか', 'what_ask': 'MONEY'}	process:48229	thread:123145579651072
[INFO]	asctime:2018-02-16 11:25:38,630	module:util	message:{"LOC": {"val": "東京", "if_true": "1"}, "what_ask": "MONEY", "JOB": {"val": "コンビニ", "if_true": "1"}}	process:48229	thread:123145579651072
[INFO]	asctime:2018-02-16 11:28:59,149	module:util	message:None	process:48229	thread:123145579651072
[INFO]	asctime:2018-02-16 11:28:59,151	module:util	message:{'LOC': {'val': '東京', 'if_true': '1'}}	process:48229	thread:123145579651072
[INFO]	asctime:2018-02-16 11:28:59,151	module:util	message:{'sentence': '続いて希望の職種はなんですか', 'what_ask': 'JOB'}	process:48229	thread:123145579651072
[INFO]	asctime:2018-02-16 11:28:59,151	module:util	message:{"LOC": {"val": "東京", "if_true": "1"}, "what_ask": "JOB"}	process:48229	thread:123145579651072
[INFO]	asctime:2018-02-16 11:29:31,821	module:util	message:{"LOC": {"val": "東京", "if_true": "1"}, "what_ask": "JOB"}	process:48229	thread:123145579651072
[INFO]	asctime:2018-02-16 11:29:31,823	module:util	message:{'LOC': {'val': '東京', 'if_true': '1'}, 'what_ask': 'JOB'}	process:48229	thread:123145579651072
[INFO]	asctime:2018-02-16 11:29:31,823	module:util	message:{'sentence': '続いて希望の職種はなんですか', 'what_ask': 'JOB'}	process:48229	thread:123145579651072
[INFO]	asctime:2018-02-16 11:29:31,823	module:util	message:{"LOC": {"val": "東京", "if_true": "1"}, "what_ask": "JOB"}	process:48229	thread:123145579651072
[INFO]	asctime:2018-02-16 11:29:35,468	module:util	message:{"LOC": {"val": "東京", "if_true": "1"}, "what_ask": "JOB"}	process:48229	thread:123145579651072
[INFO]	asctime:2018-02-16 11:29:35,470	module:util	message:{'LOC': {'val': '東京', 'if_true': '1'}, 'what_ask': 'JOB', 'JOB': {'val': 'コンビニ', 'if_true': '1'}}	process:48229	thread:123145579651072
[INFO]	asctime:2018-02-16 11:29:35,470	module:util	message:{'sentence': '給与はいくらぐらいを希望されていますか', 'what_ask': 'MONEY'}	process:48229	thread:123145579651072
[INFO]	asctime:2018-02-16 11:29:35,471	module:util	message:{"LOC": {"val": "東京", "if_true": "1"}, "what_ask": "MONEY", "JOB": {"val": "コンビニ", "if_true": "1"}}	process:48229	thread:123145579651072
[INFO]	asctime:2018-02-16 11:30:33,037	module:util	message:{"LOC": {"val": "東京", "if_true": "1"}, "what_ask": "MONEY", "JOB": {"val": "コンビニ", "if_true": "1"}}	process:48229	thread:123145579651072
[INFO]	asctime:2018-02-16 11:30:33,041	module:util	message:{'LOC': {'val': '東京', 'if_true': '1'}, 'what_ask': 'MONEY', 'JOB': {'val': 'コンビニ', 'if_true': '1'}}	process:48229	thread:123145579651072
[INFO]	asctime:2018-02-16 11:30:33,041	module:util	message:{'sentence': '続いて希望の職種はなんですか', 'what_ask': 'JOB'}	process:48229	thread:123145579651072
[INFO]	asctime:2018-02-16 11:30:33,041	module:util	message:{"LOC": {"val": "東京", "if_true": "1"}, "what_ask": "JOB", "JOB": {"val": "コンビニ", "if_true": "1"}}	process:48229	thread:123145579651072
[INFO]	asctime:2018-02-16 11:30:34,946	module:util	message:{"LOC": {"val": "東京", "if_true": "1"}, "what_ask": "JOB", "JOB": {"val": "コンビニ", "if_true": "1"}}	process:48229	thread:123145579651072
[INFO]	asctime:2018-02-16 11:30:34,950	module:util	message:{'LOC': {'val': '東京', 'if_true': '1'}, 'what_ask': 'JOB', 'JOB': {'val': 'コンビニ', 'if_true': '1'}}	process:48229	thread:123145579651072
[INFO]	asctime:2018-02-16 11:30:34,951	module:util	message:{'sentence': '給与はいくらぐらいを希望されていますか', 'what_ask': 'MONEY'}	process:48229	thread:123145579651072
[INFO]	asctime:2018-02-16 11:30:34,951	module:util	message:{"LOC": {"val": "東京", "if_true": "1"}, "what_ask": "MONEY", "JOB": {"val": "コンビニ", "if_true": "1"}}	process:48229	thread:123145579651072
[INFO]	asctime:2018-02-18 17:03:17,230	module:util	message:None	process:62445	thread:123145447124992
[INFO]	asctime:2018-02-18 17:03:17,250	module:util	message:{'LOC': {'val': '東京', 'if_true': '1'}}	process:62445	thread:123145447124992
[INFO]	asctime:2018-02-18 17:03:17,250	module:util	message:{'sentence': '続いて希望の職種はなんですか', 'what_ask': 'JOB'}	process:62445	thread:123145447124992
[INFO]	asctime:2018-02-18 17:03:17,250	module:util	message:{"LOC": {"val": "東京", "if_true": "1"}, "what_ask": "JOB"}	process:62445	thread:123145447124992
[INFO]	asctime:2018-02-18 17:03:23,656	module:util	message:{"LOC": {"val": "東京", "if_true": "1"}, "what_ask": "JOB"}	process:62445	thread:123145447124992
[INFO]	asctime:2018-02-18 17:03:23,664	module:util	message:{'LOC': {'val': '', 'if_true': '1'}, 'what_ask': 'JOB'}	process:62445	thread:123145447124992
[INFO]	asctime:2018-02-18 17:03:23,665	module:util	message:{'sentence': 'すみません、もう一度希望勤務地をお聞かせください。', 'what_ask': 'LOC'}	process:62445	thread:123145447124992
[INFO]	asctime:2018-02-18 17:03:23,665	module:util	message:{"LOC": {"val": "", "if_true": "1"}, "what_ask": "LOC"}	process:62445	thread:123145447124992
[INFO]	asctime:2018-02-18 17:04:08,768	module:util	message:{"LOC": {"val": "", "if_true": "1"}, "what_ask": "LOC"}	process:62445	thread:123145447124992
[INFO]	asctime:2018-02-18 17:04:08,780	module:util	message:{'LOC': {'val': '東京', 'if_true': '1'}, 'what_ask': 'LOC'}	process:62445	thread:123145447124992
[INFO]	asctime:2018-02-18 17:04:08,780	module:util	message:{'sentence': '続いて希望の職種はなんですか', 'what_ask': 'JOB'}	process:62445	thread:123145447124992
[INFO]	asctime:2018-02-18 17:04:08,780	module:util	message:{"LOC": {"val": "東京", "if_true": "1"}, "what_ask": "JOB"}	process:62445	thread:123145447124992
[INFO]	asctime:2018-02-18 17:04:10,848	module:util	message:{"LOC": {"val": "東京", "if_true": "1"}, "what_ask": "JOB"}	process:62445	thread:123145447124992
[INFO]	asctime:2018-02-18 17:04:10,857	module:util	message:{'LOC': {'val': '東京', 'if_true': '1'}, 'what_ask': 'JOB', 'JOB': {'val': 'コンビニ', 'if_true': '1'}}	process:62445	thread:123145447124992
[INFO]	asctime:2018-02-18 17:04:10,858	module:util	message:{'sentence': '給与はいくらぐらいを希望されていますか', 'what_ask': 'MONEY'}	process:62445	thread:123145447124992
[INFO]	asctime:2018-02-18 17:04:10,858	module:util	message:{"LOC": {"val": "東京", "if_true": "1"}, "what_ask": "MONEY", "JOB": {"val": "コンビニ", "if_true": "1"}}	process:62445	thread:123145447124992
[INFO]	asctime:2018-02-18 17:08:59,024	module:util	message:None	process:62445	thread:123145447124992
[INFO]	asctime:2018-02-18 17:08:59,037	module:util	message:{'LOC': {'val': '東京', 'if_true': '1'}}	process:62445	thread:123145447124992
[INFO]	asctime:2018-02-18 17:08:59,037	module:util	message:{'sentence': '続いて希望の職種はなんですか', 'what_ask': 'JOB'}	process:62445	thread:123145447124992
[INFO]	asctime:2018-02-18 17:08:59,037	module:util	message:{"LOC": {"val": "東京", "if_true": "1"}, "what_ask": "JOB"}	process:62445	thread:123145447124992
[INFO]	asctime:2018-02-18 17:09:02,968	module:util	message:{"LOC": {"val": "東京", "if_true": "1"}, "what_ask": "JOB"}	process:62445	thread:123145447124992
[INFO]	asctime:2018-02-18 17:09:02,976	module:util	message:{'LOC': {'val': '', 'if_true': '1'}, 'what_ask': 'JOB'}	process:62445	thread:123145447124992
[INFO]	asctime:2018-02-18 17:09:02,976	module:util	message:{'sentence': 'すみません、もう一度希望勤務地をお聞かせください。', 'what_ask': 'LOC'}	process:62445	thread:123145447124992
[INFO]	asctime:2018-02-18 17:09:02,976	module:util	message:{"LOC": {"val": "", "if_true": "1"}, "what_ask": "LOC"}	process:62445	thread:123145447124992
[INFO]	asctime:2018-02-18 17:12:10,577	module:util	message:None	process:62445	thread:123145447124992
[INFO]	asctime:2018-02-18 17:12:10,589	module:util	message:{'LOC': {'val': '東京', 'if_true': '1'}}	process:62445	thread:123145447124992
[INFO]	asctime:2018-02-18 17:12:10,589	module:util	message:{'sentence': '続いて希望の職種はなんですか', 'what_ask': 'JOB'}	process:62445	thread:123145447124992
[INFO]	asctime:2018-02-18 17:12:10,590	module:util	message:{"LOC": {"val": "東京", "if_true": "1"}, "what_ask": "JOB"}	process:62445	thread:123145447124992
[INFO]	asctime:2018-02-18 17:13:40,450	module:util	message:{"LOC": {"val": "東京", "if_true": "1"}, "what_ask": "JOB"}	process:62445	thread:123145447124992
[INFO]	asctime:2018-02-18 17:13:40,463	module:util	message:{'LOC': {'val': '東京', 'if_true': '1'}, 'what_ask': 'JOB'}	process:62445	thread:123145447124992
[INFO]	asctime:2018-02-18 17:13:40,463	module:util	message:{'sentence': '続いて希望の職種はなんですか', 'what_ask': 'JOB'}	process:62445	thread:123145447124992
[INFO]	asctime:2018-02-18 17:13:40,463	module:util	message:{"LOC": {"val": "東京", "if_true": "1"}, "what_ask": "JOB"}	process:62445	thread:123145447124992
[INFO]	asctime:2018-02-18 17:13:43,081	module:util	message:{"LOC": {"val": "東京", "if_true": "1"}, "what_ask": "JOB"}	process:62445	thread:123145447124992
[INFO]	asctime:2018-02-18 17:13:43,088	module:util	message:{'LOC': {'val': '東京', 'if_true': '1'}, 'what_ask': 'JOB', 'JOB': {'val': '', 'if_true': '0'}}	process:62445	thread:123145447124992
[INFO]	asctime:2018-02-18 17:13:43,089	module:util	message:{'sentence': '', 'what_ask': ''}	process:62445	thread:123145447124992
[INFO]	asctime:2018-02-18 17:13:43,089	module:util	message:{"LOC": {"val": "東京", "if_true": "1"}, "what_ask": "", "JOB": {"val": "", "if_true": "0"}}	process:62445	thread:123145447124992
[INFO]	asctime:2018-02-18 17:13:45,404	module:util	message:{"LOC": {"val": "東京", "if_true": "1"}, "what_ask": "", "JOB": {"val": "", "if_true": "0"}}	process:62445	thread:123145447124992
[INFO]	asctime:2018-02-18 17:13:45,409	module:util	message:{'LOC': {'val': '', 'if_true': '1'}, 'what_ask': '', 'JOB': {'val': '', 'if_true': '0'}}	process:62445	thread:123145447124992
[INFO]	asctime:2018-02-18 17:13:45,410	module:util	message:{'sentence': 'すみません、もう一度希望勤務地をお聞かせください。', 'what_ask': 'LOC'}	process:62445	thread:123145447124992
[INFO]	asctime:2018-02-18 17:13:45,410	module:util	message:{"LOC": {"val": "", "if_true": "1"}, "what_ask": "LOC", "JOB": {"val": "", "if_true": "0"}}	process:62445	thread:123145447124992
[INFO]	asctime:2018-02-18 17:14:21,096	module:util	message:{"LOC": {"val": "", "if_true": "1"}, "what_ask": "LOC", "JOB": {"val": "", "if_true": "0"}}	process:62445	thread:123145447124992
[INFO]	asctime:2018-02-18 17:14:21,110	module:util	message:{'LOC': {'val': '東京', 'if_true': '1'}, 'what_ask': 'LOC', 'JOB': {'val': '', 'if_true': '0'}}	process:62445	thread:123145447124992
[INFO]	asctime:2018-02-18 17:14:21,111	module:util	message:{'sentence': '続いて希望の職種はなんですか', 'what_ask': 'JOB'}	process:62445	thread:123145447124992
[INFO]	asctime:2018-02-18 17:14:21,111	module:util	message:{"LOC": {"val": "東京", "if_true": "1"}, "what_ask": "JOB", "JOB": {"val": "", "if_true": "0"}}	process:62445	thread:123145447124992
[INFO]	asctime:2018-02-18 17:14:27,817	module:util	message:{"LOC": {"val": "東京", "if_true": "1"}, "what_ask": "JOB", "JOB": {"val": "", "if_true": "0"}}	process:62445	thread:123145447124992
[INFO]	asctime:2018-02-18 17:14:27,825	module:util	message:{'LOC': {'val': '東京', 'if_true': '1'}, 'what_ask': 'JOB', 'JOB': {'val': '', 'if_true': '0'}}	process:62445	thread:123145447124992
[INFO]	asctime:2018-02-18 17:14:27,825	module:util	message:{'sentence': '', 'what_ask': ''}	process:62445	thread:123145447124992
[INFO]	asctime:2018-02-18 17:14:27,825	module:util	message:{"LOC": {"val": "東京", "if_true": "1"}, "what_ask": "", "JOB": {"val": "", "if_true": "0"}}	process:62445	thread:123145447124992
[INFO]	asctime:2018-02-18 17:23:34,989	module:util	message:None	process:62445	thread:123145447124992
[INFO]	asctime:2018-02-18 17:23:35,001	module:util	message:{'LOC': {'val': '東京', 'if_true': '1'}}	process:62445	thread:123145447124992
[INFO]	asctime:2018-02-18 17:23:35,001	module:util	message:{'sentence': '続いて希望の職種はなんですか', 'what_ask': 'JOB'}	process:62445	thread:123145447124992
[INFO]	asctime:2018-02-18 17:23:35,002	module:util	message:{"LOC": {"val": "東京", "if_true": "1"}, "what_ask": "JOB"}	process:62445	thread:123145447124992
[INFO]	asctime:2018-02-18 17:23:37,611	module:util	message:{"LOC": {"val": "東京", "if_true": "1"}, "what_ask": "JOB"}	process:62445	thread:123145447124992
[INFO]	asctime:2018-02-18 17:23:37,617	module:util	message:{'LOC': {'val': '東京', 'if_true': '1'}, 'what_ask': 'JOB', 'JOB': {'val': 'コンビニ', 'if_true': '1'}}	process:62445	thread:123145447124992
[INFO]	asctime:2018-02-18 17:23:37,618	module:util	message:{'sentence': '給与はいくらぐらいを希望されていますか', 'what_ask': 'MONEY'}	process:62445	thread:123145447124992
[INFO]	asctime:2018-02-18 17:23:37,618	module:util	message:{"LOC": {"val": "東京", "if_true": "1"}, "what_ask": "MONEY", "JOB": {"val": "コンビニ", "if_true": "1"}}	process:62445	thread:123145447124992
[INFO]	asctime:2018-02-18 17:24:23,809	module:util	message:{"LOC": {"val": "東京", "if_true": "1"}, "what_ask": "MONEY", "JOB": {"val": "コンビニ", "if_true": "1"}}	process:62445	thread:123145447124992
[INFO]	asctime:2018-02-18 17:24:23,811	module:util	message:{'LOC': {'val': '東京', 'if_true': '1'}, 'what_ask': 'MONEY', 'JOB': {'val': 'コンビニ', 'if_true': '1'}}	process:62445	thread:123145447124992
[INFO]	asctime:2018-02-18 17:24:23,811	module:util	message:{'sentence': '続いて希望の職種はなんですか', 'what_ask': 'JOB'}	process:62445	thread:123145447124992
[INFO]	asctime:2018-02-18 17:24:23,811	module:util	message:{"LOC": {"val": "東京", "if_true": "1"}, "what_ask": "JOB", "JOB": {"val": "コンビニ", "if_true": "1"}}	process:62445	thread:123145447124992
[INFO]	asctime:2018-02-18 17:24:26,302	module:util	message:{"LOC": {"val": "東京", "if_true": "1"}, "what_ask": "JOB", "JOB": {"val": "コンビニ", "if_true": "1"}}	process:62445	thread:123145447124992
[INFO]	asctime:2018-02-18 17:24:26,310	module:util	message:{'LOC': {'val': '東京', 'if_true': '1'}, 'what_ask': 'JOB', 'JOB': {'val': '', 'if_true': '0'}}	process:62445	thread:123145447124992
[INFO]	asctime:2018-02-18 17:24:26,310	module:util	message:{'sentence': '', 'what_ask': ''}	process:62445	thread:123145447124992
[INFO]	asctime:2018-02-18 17:24:26,310	module:util	message:{"LOC": {"val": "東京", "if_true": "1"}, "what_ask": "", "JOB": {"val": "", "if_true": "0"}}	process:62445	thread:123145447124992
[INFO]	asctime:2018-02-18 17:27:22,620	module:util	message:None	process:62445	thread:123145447124992
[INFO]	asctime:2018-02-18 17:27:22,632	module:util	message:{'LOC': {'val': '東京', 'if_true': '1'}}	process:62445	thread:123145447124992
[INFO]	asctime:2018-02-18 17:27:22,632	module:util	message:{'sentence': '続いて希望の職種はなんですか', 'what_ask': 'JOB'}	process:62445	thread:123145447124992
[INFO]	asctime:2018-02-18 17:27:22,632	module:util	message:{"LOC": {"val": "東京", "if_true": "1"}, "what_ask": "JOB"}	process:62445	thread:123145447124992
[INFO]	asctime:2018-02-18 17:27:25,000	module:util	message:{"LOC": {"val": "東京", "if_true": "1"}, "what_ask": "JOB"}	process:62445	thread:123145447124992
[INFO]	asctime:2018-02-18 17:27:25,008	module:util	message:{'LOC': {'val': '東京', 'if_true': '1'}, 'what_ask': 'JOB', 'JOB': {'val': '', 'if_true': '0'}}	process:62445	thread:123145447124992
[INFO]	asctime:2018-02-18 17:27:25,009	module:util	message:{'sentence': '', 'what_ask': ''}	process:62445	thread:123145447124992
[INFO]	asctime:2018-02-18 17:27:25,009	module:util	message:{"LOC": {"val": "東京", "if_true": "1"}, "what_ask": "", "JOB": {"val": "", "if_true": "0"}}	process:62445	thread:123145447124992
[INFO]	asctime:2018-02-18 17:27:27,411	module:util	message:{"LOC": {"val": "東京", "if_true": "1"}, "what_ask": "", "JOB": {"val": "", "if_true": "0"}}	process:62445	thread:123145447124992
[INFO]	asctime:2018-02-18 17:27:27,412	module:util	message:{'LOC': {'val': '東京', 'if_true': '1'}, 'what_ask': '', 'JOB': {'val': '', 'if_true': '0'}}	process:62445	thread:123145447124992
[INFO]	asctime:2018-02-18 17:27:27,412	module:util	message:{'sentence': '', 'what_ask': ''}	process:62445	thread:123145447124992
[INFO]	asctime:2018-02-18 17:27:27,412	module:util	message:{"LOC": {"val": "東京", "if_true": "1"}, "what_ask": "", "JOB": {"val": "", "if_true": "0"}}	process:62445	thread:123145447124992
[INFO]	asctime:2018-02-18 17:27:29,714	module:util	message:{"LOC": {"val": "東京", "if_true": "1"}, "what_ask": "", "JOB": {"val": "", "if_true": "0"}}	process:62445	thread:123145447124992
[INFO]	asctime:2018-02-18 17:27:29,722	module:util	message:{'LOC': {'val': '東京', 'if_true': '1'}, 'what_ask': '', 'JOB': {'val': 'コンビニ', 'if_true': '1'}}	process:62445	thread:123145447124992
[INFO]	asctime:2018-02-18 17:27:29,722	module:util	message:{'sentence': '給与はいくらぐらいを希望されていますか', 'what_ask': 'MONEY'}	process:62445	thread:123145447124992
[INFO]	asctime:2018-02-18 17:27:29,722	module:util	message:{"LOC": {"val": "東京", "if_true": "1"}, "what_ask": "MONEY", "JOB": {"val": "コンビニ", "if_true": "1"}}	process:62445	thread:123145447124992
[INFO]	asctime:2018-02-18 20:08:41,383	module:util	message:None	process:62445	thread:123145447124992
[INFO]	asctime:2018-02-18 20:08:41,391	module:util	message:{'LOC': {'val': 'pause', 'if_true': '0'}}	process:62445	thread:123145447124992
[INFO]	asctime:2018-02-18 20:08:41,391	module:util	message:{'sentence': 'それは地名ですか？', 'what_ask': 'LOC_CONFIRM'}	process:62445	thread:123145447124992
[INFO]	asctime:2018-02-18 20:08:41,391	module:util	message:{"LOC": {"val": "pause", "if_true": "0"}, "what_ask": "LOC_CONFIRM"}	process:62445	thread:123145447124992
[INFO]	asctime:2018-02-18 20:08:47,227	module:util	message:{"LOC": {"val": "pause", "if_true": "0"}, "what_ask": "LOC_CONFIRM"}	process:62445	thread:123145447124992
[INFO]	asctime:2018-02-18 20:08:47,238	module:util	message:{'LOC': {'val': '東京', 'if_true': '1'}, 'what_ask': 'LOC_CONFIRM'}	process:62445	thread:123145447124992
[INFO]	asctime:2018-02-18 20:08:47,238	module:util	message:{'sentence': '続いて希望の職種はなんですか', 'what_ask': 'JOB'}	process:62445	thread:123145447124992
[INFO]	asctime:2018-02-18 20:08:47,238	module:util	message:{"LOC": {"val": "東京", "if_true": "1"}, "what_ask": "JOB"}	process:62445	thread:123145447124992
[INFO]	asctime:2018-02-18 20:08:53,750	module:util	message:{"LOC": {"val": "東京", "if_true": "1"}, "what_ask": "JOB"}	process:62445	thread:123145447124992
[INFO]	asctime:2018-02-18 20:08:53,751	module:util	message:{'LOC': {'val': 'pause', 'if_true': '0'}, 'what_ask': 'JOB'}	process:62445	thread:123145447124992
[INFO]	asctime:2018-02-18 20:08:53,751	module:util	message:{'sentence': 'それは地名ですか？', 'what_ask': 'LOC_CONFIRM'}	process:62445	thread:123145447124992
[INFO]	asctime:2018-02-18 20:08:53,751	module:util	message:{"LOC": {"val": "pause", "if_true": "0"}, "what_ask": "LOC_CONFIRM"}	process:62445	thread:123145447124992
[INFO]	asctime:2018-02-18 20:08:57,497	module:util	message:{"LOC": {"val": "pause", "if_true": "0"}, "what_ask": "LOC_CONFIRM"}	process:62445	thread:123145447124992
[INFO]	asctime:2018-02-18 20:08:57,507	module:util	message:{'LOC': {'val': 'pause', 'if_true': '0'}, 'what_ask': 'LOC_CONFIRM', 'JOB': {'val': 'コンビニ', 'if_true': '1'}}	process:62445	thread:123145447124992
[INFO]	asctime:2018-02-18 20:08:57,507	module:util	message:{'sentence': '給与はいくらぐらいを希望されていますか', 'what_ask': 'MONEY'}	process:62445	thread:123145447124992
[INFO]	asctime:2018-02-18 20:08:57,507	module:util	message:{"LOC": {"val": "pause", "if_true": "0"}, "what_ask": "MONEY", "JOB": {"val": "コンビニ", "if_true": "1"}}	process:62445	thread:123145447124992
[INFO]	asctime:2018-02-18 20:10:17,279	module:util	message:{"LOC": {"val": "pause", "if_true": "0"}, "what_ask": "MONEY", "JOB": {"val": "コンビニ", "if_true": "1"}}	process:62445	thread:123145447124992
[INFO]	asctime:2018-02-18 20:10:17,280	module:util	message:{'LOC': {'val': '東京', 'if_true': '1'}, 'what_ask': 'MONEY', 'JOB': {'val': 'コンビニ', 'if_true': '1'}}	process:62445	thread:123145447124992
[INFO]	asctime:2018-02-18 20:10:17,281	module:util	message:{'sentence': '続いて希望の職種はなんですか', 'what_ask': 'JOB'}	process:62445	thread:123145447124992
[INFO]	asctime:2018-02-18 20:10:17,281	module:util	message:{"LOC": {"val": "東京", "if_true": "1"}, "what_ask": "JOB", "JOB": {"val": "コンビニ", "if_true": "1"}}	process:62445	thread:123145447124992
[INFO]	asctime:2018-02-18 20:10:21,549	module:util	message:{"LOC": {"val": "東京", "if_true": "1"}, "what_ask": "JOB", "JOB": {"val": "コンビニ", "if_true": "1"}}	process:62445	thread:123145447124992
[INFO]	asctime:2018-02-18 20:10:21,550	module:util	message:{'LOC': {'val': '', 'if_true': '1'}, 'what_ask': 'JOB', 'JOB': {'val': 'コンビニ', 'if_true': '1'}}	process:62445	thread:123145447124992
[INFO]	asctime:2018-02-18 20:10:21,550	module:util	message:{'sentence': 'すみません、もう一度希望勤務地をお聞かせください。', 'what_ask': 'LOC'}	process:62445	thread:123145447124992
[INFO]	asctime:2018-02-18 20:10:21,550	module:util	message:{"LOC": {"val": "", "if_true": "1"}, "what_ask": "LOC", "JOB": {"val": "コンビニ", "if_true": "1"}}	process:62445	thread:123145447124992
[INFO]	asctime:2018-02-18 20:13:22,533	module:util	message:None	process:62445	thread:123145447124992
[INFO]	asctime:2018-02-18 20:13:22,545	module:util	message:{'LOC': {'val': '東京', 'if_true': '1'}}	process:62445	thread:123145447124992
[INFO]	asctime:2018-02-18 20:13:22,545	module:util	message:{'sentence': '続いて希望の職種はなんですか', 'what_ask': 'JOB'}	process:62445	thread:123145447124992
[INFO]	asctime:2018-02-18 20:13:22,545	module:util	message:{"LOC": {"val": "東京", "if_true": "1"}, "what_ask": "JOB"}	process:62445	thread:123145447124992
[INFO]	asctime:2018-02-18 20:13:37,259	module:util	message:{"LOC": {"val": "東京", "if_true": "1"}, "what_ask": "JOB"}	process:62445	thread:123145447124992
[INFO]	asctime:2018-02-18 20:13:37,269	module:util	message:{'LOC': {'val': '東京', 'if_true': '1'}, 'what_ask': 'JOB', 'JOB': {'val': 'コンビニ', 'if_true': '1'}}	process:62445	thread:123145447124992
[INFO]	asctime:2018-02-18 20:13:37,270	module:util	message:{'sentence': '給与はいくらぐらいを希望されていますか', 'what_ask': 'MONEY'}	process:62445	thread:123145447124992
[INFO]	asctime:2018-02-18 20:13:37,270	module:util	message:{"LOC": {"val": "東京", "if_true": "1"}, "what_ask": "MONEY", "JOB": {"val": "コンビニ", "if_true": "1"}}	process:62445	thread:123145447124992
[INFO]	asctime:2018-02-18 20:17:01,346	module:util	message:None	process:62445	thread:123145447124992
[INFO]	asctime:2018-02-18 20:17:01,356	module:util	message:{'LOC': {'val': '東京', 'if_true': '1'}}	process:62445	thread:123145447124992
[INFO]	asctime:2018-02-18 20:17:01,356	module:util	message:{'sentence': '続いて希望の職種はなんですか', 'what_ask': 'JOB'}	process:62445	thread:123145447124992
[INFO]	asctime:2018-02-18 20:17:01,356	module:util	message:{"LOC": {"val": "東京", "if_true": "1"}, "what_ask": "JOB"}	process:62445	thread:123145447124992
[INFO]	asctime:2018-02-18 20:17:09,675	module:util	message:{"LOC": {"val": "東京", "if_true": "1"}, "what_ask": "JOB"}	process:62445	thread:123145447124992
[INFO]	asctime:2018-02-18 20:17:09,685	module:util	message:{'LOC': {'val': '東京', 'if_true': '1'}, 'what_ask': 'JOB', 'JOB': {'val': 'コンビニ', 'if_true': '1'}}	process:62445	thread:123145447124992
[INFO]	asctime:2018-02-18 20:17:09,685	module:util	message:{'sentence': '給与はいくらぐらいを希望されていますか', 'what_ask': 'MONEY'}	process:62445	thread:123145447124992
[INFO]	asctime:2018-02-18 20:17:09,686	module:util	message:{"LOC": {"val": "東京", "if_true": "1"}, "what_ask": "MONEY", "JOB": {"val": "コンビニ", "if_true": "1"}}	process:62445	thread:123145447124992
[INFO]	asctime:2018-02-18 20:17:50,353	module:util	message:{"LOC": {"val": "東京", "if_true": "1"}, "what_ask": "MONEY", "JOB": {"val": "コンビニ", "if_true": "1"}}	process:62445	thread:123145447124992
[INFO]	asctime:2018-02-18 20:17:50,354	module:util	message:{'LOC': {'val': '東京', 'if_true': '1'}, 'what_ask': 'MONEY', 'JOB': {'val': 'コンビニ', 'if_true': '1'}}	process:62445	thread:123145447124992
[INFO]	asctime:2018-02-18 20:17:50,355	module:util	message:{'sentence': '続いて希望の職種はなんですか', 'what_ask': 'JOB'}	process:62445	thread:123145447124992
[INFO]	asctime:2018-02-18 20:17:50,355	module:util	message:{"LOC": {"val": "東京", "if_true": "1"}, "what_ask": "JOB", "JOB": {"val": "コンビニ", "if_true": "1"}}	process:62445	thread:123145447124992
[INFO]	asctime:2018-02-18 20:17:52,307	module:util	message:{"LOC": {"val": "東京", "if_true": "1"}, "what_ask": "JOB", "JOB": {"val": "コンビニ", "if_true": "1"}}	process:62445	thread:123145447124992
[INFO]	asctime:2018-02-18 20:17:52,308	module:util	message:{'LOC': {'val': '東京', 'if_true': '1'}, 'what_ask': 'JOB', 'JOB': {'val': 'コンビニ', 'if_true': '1'}}	process:62445	thread:123145447124992
[INFO]	asctime:2018-02-18 20:17:52,308	module:util	message:{'sentence': '給与はいくらぐらいを希望されていますか', 'what_ask': 'MONEY'}	process:62445	thread:123145447124992
[INFO]	asctime:2018-02-18 20:17:52,308	module:util	message:{"LOC": {"val": "東京", "if_true": "1"}, "what_ask": "MONEY", "JOB": {"val": "コンビニ", "if_true": "1"}}	process:62445	thread:123145447124992
[INFO]	asctime:2018-02-18 20:18:08,879	module:util	message:{"LOC": {"val": "東京", "if_true": "1"}, "what_ask": "MONEY", "JOB": {"val": "コンビニ", "if_true": "1"}}	process:62445	thread:123145447124992
[INFO]	asctime:2018-02-18 20:18:08,885	module:util	message:{'LOC': {'val': '', 'if_true': '1'}, 'what_ask': 'MONEY', 'JOB': {'val': 'コンビニ', 'if_true': '1'}}	process:62445	thread:123145447124992
[INFO]	asctime:2018-02-18 20:18:08,885	module:util	message:{'sentence': 'すみません、もう一度希望勤務地をお聞かせください。', 'what_ask': 'LOC'}	process:62445	thread:123145447124992
[INFO]	asctime:2018-02-18 20:18:08,885	module:util	message:{"LOC": {"val": "", "if_true": "1"}, "what_ask": "LOC", "JOB": {"val": "コンビニ", "if_true": "1"}}	process:62445	thread:123145447124992
[INFO]	asctime:2018-02-18 20:20:38,567	module:util	message:None	process:62445	thread:123145447124992
[INFO]	asctime:2018-02-18 20:20:38,576	module:util	message:{'LOC': {'val': '東京', 'if_true': '1'}}	process:62445	thread:123145447124992
[INFO]	asctime:2018-02-18 20:20:38,576	module:util	message:{'sentence': '続いて希望の職種はなんですか', 'what_ask': 'JOB'}	process:62445	thread:123145447124992
[INFO]	asctime:2018-02-18 20:20:38,576	module:util	message:{"LOC": {"val": "東京", "if_true": "1"}, "what_ask": "JOB"}	process:62445	thread:123145447124992
[INFO]	asctime:2018-02-18 20:25:07,038	module:util	message:None	process:62445	thread:123145447124992
[INFO]	asctime:2018-02-18 20:25:07,049	module:util	message:{'LOC': {'val': '東京', 'if_true': '1'}}	process:62445	thread:123145447124992
[INFO]	asctime:2018-02-18 20:25:07,049	module:util	message:{'sentence': '続いて希望の職種はなんですか', 'what_ask': 'JOB'}	process:62445	thread:123145447124992
[INFO]	asctime:2018-02-18 20:25:07,050	module:util	message:{"LOC": {"val": "東京", "if_true": "1"}, "what_ask": "JOB"}	process:62445	thread:123145447124992
[INFO]	asctime:2018-02-18 20:25:12,530	module:util	message:{"LOC": {"val": "東京", "if_true": "1"}, "what_ask": "JOB"}	process:62445	thread:123145447124992
[INFO]	asctime:2018-02-18 20:25:12,537	module:util	message:{'LOC': {'val': '東京', 'if_true': '1'}, 'what_ask': 'JOB', 'JOB': {'val': 'コンビニ', 'if_true': '1'}}	process:62445	thread:123145447124992
[INFO]	asctime:2018-02-18 20:25:12,537	module:util	message:{'sentence': '給与はいくらぐらいを希望されていますか', 'what_ask': 'MONEY'}	process:62445	thread:123145447124992
[INFO]	asctime:2018-02-18 20:25:12,537	module:util	message:{"LOC": {"val": "東京", "if_true": "1"}, "what_ask": "MONEY", "JOB": {"val": "コンビニ", "if_true": "1"}}	process:62445	thread:123145447124992
[INFO]	asctime:2018-02-19 16:25:21,829	module:util	message:None	process:23751	thread:123145572663296
[INFO]	asctime:2018-02-19 16:25:21,851	module:util	message:{'LOC': {'val': '東京', 'if_true': '1'}}	process:23751	thread:123145572663296
[INFO]	asctime:2018-02-19 16:25:21,852	module:util	message:{'sentence': '続いて希望の職種はなんですか', 'what_ask': 'JOB'}	process:23751	thread:123145572663296
[INFO]	asctime:2018-02-19 16:25:21,852	module:util	message:{"LOC": {"val": "東京", "if_true": "1"}, "what_ask": "JOB"}	process:23751	thread:123145572663296
[INFO]	asctime:2018-02-19 16:25:26,225	module:util	message:{"LOC": {"val": "東京", "if_true": "1"}, "what_ask": "JOB"}	process:23751	thread:123145572663296
[INFO]	asctime:2018-02-19 16:25:26,232	module:util	message:{'LOC': {'val': '東京', 'if_true': '1'}, 'what_ask': 'JOB', 'JOB': {'val': 'コンビニ', 'if_true': '1'}}	process:23751	thread:123145572663296
[INFO]	asctime:2018-02-19 16:25:26,232	module:util	message:{'sentence': '給与はいくらぐらいを希望されていますか', 'what_ask': 'MONEY'}	process:23751	thread:123145572663296
[INFO]	asctime:2018-02-19 16:25:26,232	module:util	message:{"LOC": {"val": "東京", "if_true": "1"}, "what_ask": "MONEY", "JOB": {"val": "コンビニ", "if_true": "1"}}	process:23751	thread:123145572663296
[INFO]	asctime:2018-02-19 19:24:41,875	module:util	message:None	process:23751	thread:123145572663296
[INFO]	asctime:2018-02-19 19:24:41,899	module:util	message:{'LOC': {'val': '東京', 'if_true': '1'}}	process:23751	thread:123145572663296
[INFO]	asctime:2018-02-19 19:24:41,900	module:util	message:{'sentence': '続いて希望の職種はなんですか', 'what_ask': 'JOB'}	process:23751	thread:123145572663296
[INFO]	asctime:2018-02-19 19:24:41,900	module:util	message:{"LOC": {"val": "東京", "if_true": "1"}, "what_ask": "JOB"}	process:23751	thread:123145572663296
[INFO]	asctime:2018-02-19 19:24:45,512	module:util	message:{"LOC": {"val": "東京", "if_true": "1"}, "what_ask": "JOB"}	process:23751	thread:123145572663296
[INFO]	asctime:2018-02-19 19:24:45,521	module:util	message:{'LOC': {'val': '東京', 'if_true': '1'}, 'what_ask': 'JOB', 'JOB': {'val': 'コンビニ', 'if_true': '1'}}	process:23751	thread:123145572663296
[INFO]	asctime:2018-02-19 19:24:45,522	module:util	message:{'sentence': '給与はいくらぐらいを希望されていますか', 'what_ask': 'MONEY'}	process:23751	thread:123145572663296
[INFO]	asctime:2018-02-19 19:24:45,522	module:util	message:{"LOC": {"val": "東京", "if_true": "1"}, "what_ask": "MONEY", "JOB": {"val": "コンビニ", "if_true": "1"}}	process:23751	thread:123145572663296
